1659858046650	geckodriver	INFO	Listening on 127.0.0.1:55651
1659858047139	mozrunner::runner	INFO	Running command: "/Applications/Firefox.app/Contents/MacOS/firefox-bin" "--marionette" "-foreground" "-no-remote" "-profile" "/var/folders/lz/69nnlnf945z9xyxhp7jnkdlr0000gn/T/rust_mozprofileSwoHpZ"
1659858047674	Marionette	INFO	Marionette enabled
2022-08-07 01:40:47.707 plugin-container[5353:210330] nil host used in call to allowsSpecificHTTPSCertificateForHost
2022-08-07 01:40:47.707 plugin-container[5353:210330] nil host used in call to allowsAnyHTTPSCertificateForHost:
2022-08-07 01:40:47.713 plugin-container[5353:210330] nil host used in call to allowsSpecificHTTPSCertificateForHost
2022-08-07 01:40:47.713 plugin-container[5353:210330] nil host used in call to allowsAnyHTTPSCertificateForHost:
1659858047714	Marionette	INFO	Listening on port 55662
2022-08-07 01:40:47.714 plugin-container[5353:210387] nil host used in call to allowsSpecificHTTPSCertificateForHost
2022-08-07 01:40:47.714 plugin-container[5353:210387] nil host used in call to allowsAnyHTTPSCertificateForHost:
Read port: 55662
1659858047903	RemoteAgent	WARN	TLS certificate errors will be ignored for this session
console.warn: SearchSettings: "get: No settings file exists, new profile?" (new NotFoundError("Could not open the file at /var/folders/lz/69nnlnf945z9xyxhp7jnkdlr0000gn/T/rust_mozprofileSwoHpZ/search.json.mozlz4", (void 0)))
console.error: services.settings: 
  main/query-stripping Signature failed  [Exception... "Failure"  nsresult: "0x80004005 (NS_ERROR_FAILURE)"  location: "<unknown>"  data: no]
console.error: services.settings: 
  main/quicksuggest Signature failed  [Exception... "Failure"  nsresult: "0x80004005 (NS_ERROR_FAILURE)"  location: "<unknown>"  data: no]
JavaScript error: https://media.ethicalads.io/media/client/v1.4.0/ethicalads.min.js, line 1: Error: No ad placements found.
console.error: services.settings: 
  main/partitioning-exempt-urls Signature failed  [Exception... "Failure"  nsresult: "0x80004005 (NS_ERROR_FAILURE)"  location: "<unknown>"  data: no]
JavaScript error: resource:///actors/FormValidationChild.jsm, line 184: TypeError: this._element is null
1659858050138	Marionette	INFO	Stopped listening on port 55662
JavaScript error: resource://services-settings/RemoteSettingsWorker.jsm, line 145: Error: Shutdown, aborting read-only worker requests.
JavaScript error: resource://gre/modules/TerminatorTelemetry.jsm, line 69: AbortError: IOUtils: Shutting down and refusing additional I/O tasks
1659858198141	geckodriver	INFO	Listening on 127.0.0.1:55731
1659858198892	mozrunner::runner	INFO	Running command: "/Applications/Firefox.app/Contents/MacOS/firefox-bin" "--marionette" "-foreground" "-no-remote" "-profile" "/var/folders/lz/69nnlnf945z9xyxhp7jnkdlr0000gn/T/rust_mozprofile5pqugt"
2022-08-07 01:43:19.370 plugin-container[5396:212131] nil host used in call to allowsSpecificHTTPSCertificateForHost
2022-08-07 01:43:19.370 plugin-container[5396:212131] nil host used in call to allowsAnyHTTPSCertificateForHost:
2022-08-07 01:43:19.374 plugin-container[5396:212131] nil host used in call to allowsSpecificHTTPSCertificateForHost
2022-08-07 01:43:19.374 plugin-container[5396:212131] nil host used in call to allowsAnyHTTPSCertificateForHost:
2022-08-07 01:43:19.375 plugin-container[5396:212135] nil host used in call to allowsSpecificHTTPSCertificateForHost
2022-08-07 01:43:19.375 plugin-container[5396:212135] nil host used in call to allowsAnyHTTPSCertificateForHost:
1659858199382	Marionette	INFO	Marionette enabled
1659858199411	Marionette	INFO	Listening on port 55742
Read port: 
1659858199412	geckodriver::browser	WARN	Failed fo convert  to u16
Read port: 55742
1659858199604	RemoteAgent	WARN	TLS certificate errors will be ignored for this session
console.warn: SearchSettings: "get: No settings file exists, new profile?" (new NotFoundError("Could not open the file at /var/folders/lz/69nnlnf945z9xyxhp7jnkdlr0000gn/T/rust_mozprofile5pqugt/search.json.mozlz4", (void 0)))
console.error: services.settings: 
  main/query-stripping Signature failed  [Exception... "Failure"  nsresult: "0x80004005 (NS_ERROR_FAILURE)"  location: "<unknown>"  data: no]
console.error: services.settings: 
  main/quicksuggest Signature failed  [Exception... "Failure"  nsresult: "0x80004005 (NS_ERROR_FAILURE)"  location: "<unknown>"  data: no]
1659858201426	Marionette	INFO	Stopped listening on port 55742
console.error: services.settings: 
  main/partitioning-exempt-urls Signature failed  TypeError: NetworkError: Network request failed
JavaScript error: resource://services-settings/Utils.jsm, line 240: TypeError: NetworkError: Network request failed
1659858217287	geckodriver	INFO	Listening on 127.0.0.1:55793
1659858218039	mozrunner::runner	INFO	Running command: "/Applications/Firefox.app/Contents/MacOS/firefox-bin" "--marionette" "-foreground" "-no-remote" "-profile" "/var/folders/lz/69nnlnf945z9xyxhp7jnkdlr0000gn/T/rust_mozprofileEFWM0z"
2022-08-07 01:43:38.486 plugin-container[5418:212766] nil host used in call to allowsSpecificHTTPSCertificateForHost
2022-08-07 01:43:38.487 plugin-container[5418:212766] nil host used in call to allowsAnyHTTPSCertificateForHost:
2022-08-07 01:43:38.490 plugin-container[5418:212766] nil host used in call to allowsSpecificHTTPSCertificateForHost
2022-08-07 01:43:38.490 plugin-container[5418:212766] nil host used in call to allowsAnyHTTPSCertificateForHost:
2022-08-07 01:43:38.490 plugin-container[5418:212768] nil host used in call to allowsSpecificHTTPSCertificateForHost
2022-08-07 01:43:38.490 plugin-container[5418:212768] nil host used in call to allowsAnyHTTPSCertificateForHost:
1659858218499	Marionette	INFO	Marionette enabled
1659858218529	Marionette	INFO	Listening on port 55800
Read port: 55800
1659858218690	RemoteAgent	WARN	TLS certificate errors will be ignored for this session
console.warn: SearchSettings: "get: No settings file exists, new profile?" (new NotFoundError("Could not open the file at /var/folders/lz/69nnlnf945z9xyxhp7jnkdlr0000gn/T/rust_mozprofileEFWM0z/search.json.mozlz4", (void 0)))
console.error: services.settings: 
  main/quicksuggest Signature failed  [Exception... "Failure"  nsresult: "0x80004005 (NS_ERROR_FAILURE)"  location: "<unknown>"  data: no]
console.error: services.settings: 
  main/query-stripping Signature failed  [Exception... "Failure"  nsresult: "0x80004005 (NS_ERROR_FAILURE)"  location: "<unknown>"  data: no]
JavaScript error: https://static-exp1.licdn.com/sc/h/1f0o8asarfspok2zpu5dl86by, line 1: Error: Could not lazy load JS with src https://static-exp1.licdn.com/sc/h/98lptr8kagfxge22q7k1fps8
console.error: services.settings: 
  main/partitioning-exempt-urls Signature failed  [Exception... "Failure"  nsresult: "0x80004005 (NS_ERROR_FAILURE)"  location: "<unknown>"  data: no]
JavaScript error: https://static-exp1.licdn.com/sc/h/1f0o8asarfspok2zpu5dl86by, line 1: Error: Could not lazy load JS with src https://static-exp1.licdn.com/sc/h/98lptr8kagfxge22q7k1fps8
JavaScript error: https://static-exp1.licdn.com/sc/h/1f0o8asarfspok2zpu5dl86by, line 1: Error: Could not lazy load JS with src https://static-exp1.licdn.com/sc/h/98lptr8kagfxge22q7k1fps8
JavaScript error: https://static-exp1.licdn.com/sc/h/1f0o8asarfspok2zpu5dl86by, line 1: Error: Could not lazy load JS with src https://static-exp1.licdn.com/sc/h/98lptr8kagfxge22q7k1fps8
JavaScript error: https://static-exp1.licdn.com/sc/h/1f0o8asarfspok2zpu5dl86by, line 1: Error: Could not lazy load JS with src https://static-exp1.licdn.com/sc/h/98lptr8kagfxge22q7k1fps8
JavaScript error: https://static-exp1.licdn.com/sc/h/1f0o8asarfspok2zpu5dl86by, line 1: Error: Could not lazy load JS with src https://static-exp1.licdn.com/sc/h/98lptr8kagfxge22q7k1fps8
JavaScript error: https://static-exp1.licdn.com/sc/h/a3gtr7jg3mmepwms7hrzxrsd8, line 2: Error: A main button element must be provided to Collapsible
JavaScript error: https://static-exp1.licdn.com/sc/h/1f0o8asarfspok2zpu5dl86by, line 1: Error: Could not lazy load JS with src https://static-exp1.licdn.com/sc/h/98lptr8kagfxge22q7k1fps8
JavaScript error: https://static-exp1.licdn.com/sc/h/1f0o8asarfspok2zpu5dl86by, line 1: Error: POST request for /jobs-guest/api/ingraphs/gauge has failed with status code 429
1659858229009	Marionette	INFO	Stopped listening on port 55800
1659859952893	geckodriver	INFO	Listening on 127.0.0.1:56217
1659859953650	mozrunner::runner	INFO	Running command: "/Applications/Firefox.app/Contents/MacOS/firefox-bin" "--marionette" "-foreground" "-no-remote" "-profile" "/var/folders/lz/69nnlnf945z9xyxhp7jnkdlr0000gn/T/rust_mozprofileL3grMu"
2022-08-07 02:12:34.106 plugin-container[5600:223151] nil host used in call to allowsSpecificHTTPSCertificateForHost
2022-08-07 02:12:34.106 plugin-container[5600:223151] nil host used in call to allowsAnyHTTPSCertificateForHost:
2022-08-07 02:12:34.109 plugin-container[5600:223151] nil host used in call to allowsSpecificHTTPSCertificateForHost
2022-08-07 02:12:34.109 plugin-container[5600:223151] nil host used in call to allowsAnyHTTPSCertificateForHost:
2022-08-07 02:12:34.110 plugin-container[5600:223159] nil host used in call to allowsSpecificHTTPSCertificateForHost
2022-08-07 02:12:34.110 plugin-container[5600:223159] nil host used in call to allowsAnyHTTPSCertificateForHost:
1659859954120	Marionette	INFO	Marionette enabled
1659859954150	Marionette	INFO	Listening on port 56224
Read port: 56224
1659859954318	RemoteAgent	WARN	TLS certificate errors will be ignored for this session
console.warn: SearchSettings: "get: No settings file exists, new profile?" (new NotFoundError("Could not open the file at /var/folders/lz/69nnlnf945z9xyxhp7jnkdlr0000gn/T/rust_mozprofileL3grMu/search.json.mozlz4", (void 0)))
Exiting due to channel error.
Exiting due to channel error.
Exiting due to channel error.
Exiting due to channel error.
Exiting due to channel error.
1659860388157	geckodriver	INFO	Listening on 127.0.0.1:56347
1659860388913	mozrunner::runner	INFO	Running command: "/Applications/Firefox.app/Contents/MacOS/firefox-bin" "--marionette" "-foreground" "-no-remote" "-profile" "/var/folders/lz/69nnlnf945z9xyxhp7jnkdlr0000gn/T/rust_mozprofileUaxJZl"
2022-08-07 02:19:49.372 plugin-container[5668:226781] nil host used in call to allowsSpecificHTTPSCertificateForHost
2022-08-07 02:19:49.373 plugin-container[5668:226781] nil host used in call to allowsAnyHTTPSCertificateForHost:
1659860389377	Marionette	INFO	Marionette enabled
2022-08-07 02:19:49.381 plugin-container[5668:226781] nil host used in call to allowsSpecificHTTPSCertificateForHost
2022-08-07 02:19:49.381 plugin-container[5668:226781] nil host used in call to allowsAnyHTTPSCertificateForHost:
2022-08-07 02:19:49.384 plugin-container[5668:226785] nil host used in call to allowsSpecificHTTPSCertificateForHost
2022-08-07 02:19:49.384 plugin-container[5668:226785] nil host used in call to allowsAnyHTTPSCertificateForHost:
1659860389406	Marionette	INFO	Listening on port 56354
Read port: 56354
1659860389576	RemoteAgent	WARN	TLS certificate errors will be ignored for this session
console.warn: SearchSettings: "get: No settings file exists, new profile?" (new NotFoundError("Could not open the file at /var/folders/lz/69nnlnf945z9xyxhp7jnkdlr0000gn/T/rust_mozprofileUaxJZl/search.json.mozlz4", (void 0)))
console.error: services.settings: 
  main/quicksuggest Signature failed  [Exception... "Failure"  nsresult: "0x80004005 (NS_ERROR_FAILURE)"  location: "<unknown>"  data: no]
console.error: services.settings: 
  main/query-stripping Signature failed  [Exception... "Failure"  nsresult: "0x80004005 (NS_ERROR_FAILURE)"  location: "<unknown>"  data: no]
console.error: services.settings: 
  main/partitioning-exempt-urls Signature failed  [Exception... "Failure"  nsresult: "0x80004005 (NS_ERROR_FAILURE)"  location: "<unknown>"  data: no]
1659860487524	geckodriver	INFO	Listening on 127.0.0.1:56456
1659860488277	mozrunner::runner	INFO	Running command: "/Applications/Firefox.app/Contents/MacOS/firefox-bin" "--marionette" "-foreground" "-no-remote" "-profile" "/var/folders/lz/69nnlnf945z9xyxhp7jnkdlr0000gn/T/rust_mozprofile5LBzg7"
2022-08-07 02:21:28.645 plugin-container[5712:228321] nil host used in call to allowsSpecificHTTPSCertificateForHost
2022-08-07 02:21:28.645 plugin-container[5712:228321] nil host used in call to allowsAnyHTTPSCertificateForHost:
2022-08-07 02:21:28.648 plugin-container[5712:228321] nil host used in call to allowsSpecificHTTPSCertificateForHost
2022-08-07 02:21:28.648 plugin-container[5712:228321] nil host used in call to allowsAnyHTTPSCertificateForHost:
2022-08-07 02:21:28.649 plugin-container[5712:228323] nil host used in call to allowsSpecificHTTPSCertificateForHost
2022-08-07 02:21:28.649 plugin-container[5712:228323] nil host used in call to allowsAnyHTTPSCertificateForHost:
1659860488671	Marionette	INFO	Marionette enabled
1659860488706	Marionette	INFO	Listening on port 56463
Read port: 56463
1659860488919	RemoteAgent	WARN	TLS certificate errors will be ignored for this session
console.warn: SearchSettings: "get: No settings file exists, new profile?" (new NotFoundError("Could not open the file at /var/folders/lz/69nnlnf945z9xyxhp7jnkdlr0000gn/T/rust_mozprofile5LBzg7/search.json.mozlz4", (void 0)))
console.error: services.settings: 
  main/quicksuggest Signature failed  [Exception... "Failure"  nsresult: "0x80004005 (NS_ERROR_FAILURE)"  location: "<unknown>"  data: no]
console.error: services.settings: 
  main/query-stripping Signature failed  [Exception... "Failure"  nsresult: "0x80004005 (NS_ERROR_FAILURE)"  location: "<unknown>"  data: no]
JavaScript error: https://static-exp1.licdn.com/sc/h/1f0o8asarfspok2zpu5dl86by, line 1: Error: POST request for /jobs-guest/api/ingraphs/gauge has failed with status code 429
console.error: services.settings: 
  main/partitioning-exempt-urls Signature failed  [Exception... "Failure"  nsresult: "0x80004005 (NS_ERROR_FAILURE)"  location: "<unknown>"  data: no]
Exiting due to channel error.
Exiting due to channel error.
Exiting due to channel error.
Exiting due to channel error.
Exiting due to channel error.
Exiting due to channel error.
Exiting due to channel error.
Exiting due to channel error.
Exiting due to channel error.
Exiting due to channel error.
Exiting due to channel error.
1659860893939	geckodriver	INFO	Listening on 127.0.0.1:56582
1659860894688	mozrunner::runner	INFO	Running command: "/Applications/Firefox.app/Contents/MacOS/firefox-bin" "--marionette" "-foreground" "-no-remote" "-profile" "/var/folders/lz/69nnlnf945z9xyxhp7jnkdlr0000gn/T/rust_mozprofileFQFZiq"
2022-08-07 02:28:15.058 plugin-container[5796:232323] nil host used in call to allowsSpecificHTTPSCertificateForHost
2022-08-07 02:28:15.059 plugin-container[5796:232323] nil host used in call to allowsAnyHTTPSCertificateForHost:
2022-08-07 02:28:15.062 plugin-container[5796:232323] nil host used in call to allowsSpecificHTTPSCertificateForHost
2022-08-07 02:28:15.062 plugin-container[5796:232323] nil host used in call to allowsAnyHTTPSCertificateForHost:
2022-08-07 02:28:15.062 plugin-container[5796:232326] nil host used in call to allowsSpecificHTTPSCertificateForHost
2022-08-07 02:28:15.062 plugin-container[5796:232326] nil host used in call to allowsAnyHTTPSCertificateForHost:
1659860895078	Marionette	INFO	Marionette enabled
1659860895110	Marionette	INFO	Listening on port 56589
Read port: 56589
1659860895322	RemoteAgent	WARN	TLS certificate errors will be ignored for this session
console.warn: SearchSettings: "get: No settings file exists, new profile?" (new NotFoundError("Could not open the file at /var/folders/lz/69nnlnf945z9xyxhp7jnkdlr0000gn/T/rust_mozprofileFQFZiq/search.json.mozlz4", (void 0)))
console.error: services.settings: 
  main/query-stripping Signature failed  [Exception... "Failure"  nsresult: "0x80004005 (NS_ERROR_FAILURE)"  location: "<unknown>"  data: no]
console.error: services.settings: 
  main/quicksuggest Signature failed  [Exception... "Failure"  nsresult: "0x80004005 (NS_ERROR_FAILURE)"  location: "<unknown>"  data: no]
console.error: services.settings: 
  main/partitioning-exempt-urls Signature failed  [Exception... "Failure"  nsresult: "0x80004005 (NS_ERROR_FAILURE)"  location: "<unknown>"  data: no]
JavaScript warning: https://static-exp1.licdn.com/sc/h/e785q99h29qs2x2x9sey0p946, line 2: WEBGL_debug_renderer_info is deprecated in Firefox and will be removed. Please use RENDERER.
JavaScript error: https://static-exp1.licdn.com/sc/h/1f0o8asarfspok2zpu5dl86by, line 1: Error: POST request for /jobs-guest/api/ingraphs/counter has failed with status code 429
console.error: services.settings: 
  blocklists/addons-bloomfilters Signature failed  [Exception... "Failure"  nsresult: "0x80004005 (NS_ERROR_FAILURE)"  location: "<unknown>"  data: no]
console.error: services.settings: 
  Message: [Exception... "Failure"  nsresult: "0x80004005 (NS_ERROR_FAILURE)"  location: "<unknown>"  data: no]
console.error: services.settings: 
  Message: [Exception... "Failure"  nsresult: "0x80004005 (NS_ERROR_FAILURE)"  location: "<unknown>"  data: no]
console.error: services.settings: 
  main/normandy-recipes-capabilities Signature failed  [Exception... "Failure"  nsresult: "0x80004005 (NS_ERROR_FAILURE)"  location: "<unknown>"  data: no]
console.error: services.settings: 
  Message: [Exception... "Failure"  nsresult: "0x80004005 (NS_ERROR_FAILURE)"  location: "<unknown>"  data: no]
console.error: services.settings: 
  main/doh-config Signature failed  [Exception... "Failure"  nsresult: "0x80004005 (NS_ERROR_FAILURE)"  location: "<unknown>"  data: no]
console.error: services.settings: 
  Message: [Exception... "Failure"  nsresult: "0x80004005 (NS_ERROR_FAILURE)"  location: "<unknown>"  data: no]
console.error: services.settings: 
  Message: [Exception... "Failure"  nsresult: "0x80004005 (NS_ERROR_FAILURE)"  location: "<unknown>"  data: no]
console.error: services.settings: 
  main/public-suffix-list Signature failed  [Exception... "Failure"  nsresult: "0x80004005 (NS_ERROR_FAILURE)"  location: "<unknown>"  data: no]
console.error: services.settings: 
  Message: [Exception... "Failure"  nsresult: "0x80004005 (NS_ERROR_FAILURE)"  location: "<unknown>"  data: no]
console.error: services.settings: 
  Message: [Exception... "Failure"  nsresult: "0x80004005 (NS_ERROR_FAILURE)"  location: "<unknown>"  data: no]
console.error: services.settings: 
  Message: [Exception... "Failure"  nsresult: "0x80004005 (NS_ERROR_FAILURE)"  location: "<unknown>"  data: no]
console.error: services.settings: 
  main/pioneer-study-addons-v1 Signature failed  [Exception... "Failure"  nsresult: "0x80004005 (NS_ERROR_FAILURE)"  location: "<unknown>"  data: no]
console.error: services.settings: 
  Message: [Exception... "Failure"  nsresult: "0x80004005 (NS_ERROR_FAILURE)"  location: "<unknown>"  data: no]
console.error: services.settings: 
  main/fxmonitor-breaches Signature failed  [Exception... "Failure"  nsresult: "0x80004005 (NS_ERROR_FAILURE)"  location: "<unknown>"  data: no]
console.error: services.settings: 
  Message: [Exception... "Failure"  nsresult: "0x80004005 (NS_ERROR_FAILURE)"  location: "<unknown>"  data: no]
console.error: services.settings: 
  Message: [Exception... "Failure"  nsresult: "0x80004005 (NS_ERROR_FAILURE)"  location: "<unknown>"  data: no]
console.error: services.settings: 
  main/doh-providers Signature failed  [Exception... "Failure"  nsresult: "0x80004005 (NS_ERROR_FAILURE)"  location: "<unknown>"  data: no]
console.error: services.settings: 
  Message: [Exception... "Failure"  nsresult: "0x80004005 (NS_ERROR_FAILURE)"  location: "<unknown>"  data: no]
console.error: services.settings: 
  Message: [Exception... "Failure"  nsresult: "0x80004005 (NS_ERROR_FAILURE)"  location: "<unknown>"  data: no]
console.error: services.settings: 
  main/addons-manager-settings Signature failed  [Exception... "Failure"  nsresult: "0x80004005 (NS_ERROR_FAILURE)"  location: "<unknown>"  data: no]
console.error: services.settings: 
  Message: [Exception... "Failure"  nsresult: "0x80004005 (NS_ERROR_FAILURE)"  location: "<unknown>"  data: no]
console.error: services.settings: 
  Message: [Exception... "Failure"  nsresult: "0x80004005 (NS_ERROR_FAILURE)"  location: "<unknown>"  data: no]
console.error: services.settings: 
  security-state/cert-revocations Signature failed  [Exception... "Failure"  nsresult: "0x80004005 (NS_ERROR_FAILURE)"  location: "<unknown>"  data: no]
console.error: services.settings: 
  Message: [Exception... "Failure"  nsresult: "0x80004005 (NS_ERROR_FAILURE)"  location: "<unknown>"  data: no]
console.error: services.settings: 
  security-state/intermediates Signature failed  [Exception... "Failure"  nsresult: "0x80004005 (NS_ERROR_FAILURE)"  location: "<unknown>"  data: no]
console.error: services.settings: 
  Message: [Exception... "Failure"  nsresult: "0x80004005 (NS_ERROR_FAILURE)"  location: "<unknown>"  data: no]
1659862634704	geckodriver	INFO	Listening on 127.0.0.1:56938
1659862635462	mozrunner::runner	INFO	Running command: "/Applications/Firefox.app/Contents/MacOS/firefox-bin" "--marionette" "-foreground" "-no-remote" "-profile" "/var/folders/lz/69nnlnf945z9xyxhp7jnkdlr0000gn/T/rust_mozprofilehwleQa"
2022-08-07 02:57:15.896 plugin-container[6038:244549] nil host used in call to allowsSpecificHTTPSCertificateForHost
2022-08-07 02:57:15.896 plugin-container[6038:244549] nil host used in call to allowsAnyHTTPSCertificateForHost:
2022-08-07 02:57:15.902 plugin-container[6038:244549] nil host used in call to allowsSpecificHTTPSCertificateForHost
2022-08-07 02:57:15.902 plugin-container[6038:244549] nil host used in call to allowsAnyHTTPSCertificateForHost:
2022-08-07 02:57:15.902 plugin-container[6038:244547] nil host used in call to allowsSpecificHTTPSCertificateForHost
2022-08-07 02:57:15.902 plugin-container[6038:244547] nil host used in call to allowsAnyHTTPSCertificateForHost:
1659862635921	Marionette	INFO	Marionette enabled
1659862635954	Marionette	INFO	Listening on port 56945
Read port: 56945
1659862636128	RemoteAgent	WARN	TLS certificate errors will be ignored for this session
console.warn: SearchSettings: "get: No settings file exists, new profile?" (new NotFoundError("Could not open the file at /var/folders/lz/69nnlnf945z9xyxhp7jnkdlr0000gn/T/rust_mozprofilehwleQa/search.json.mozlz4", (void 0)))
1659862637129	Marionette	INFO	Stopped listening on port 56945
console.error: services.settings: 
  main/quicksuggest Signature failed  TypeError: NetworkError: Network request failed
console.error: services.settings: 
  main/query-stripping Signature failed  TypeError: NetworkError: Network request failed
1659862659824	geckodriver	INFO	Listening on 127.0.0.1:56961
1659862660571	mozrunner::runner	INFO	Running command: "/Applications/Firefox.app/Contents/MacOS/firefox-bin" "--marionette" "-foreground" "-no-remote" "-profile" "/var/folders/lz/69nnlnf945z9xyxhp7jnkdlr0000gn/T/rust_mozprofilezV349O"
2022-08-07 02:57:41.023 plugin-container[6058:245150] nil host used in call to allowsSpecificHTTPSCertificateForHost
2022-08-07 02:57:41.024 plugin-container[6058:245150] nil host used in call to allowsAnyHTTPSCertificateForHost:
2022-08-07 02:57:41.028 plugin-container[6058:245150] nil host used in call to allowsSpecificHTTPSCertificateForHost
2022-08-07 02:57:41.028 plugin-container[6058:245150] nil host used in call to allowsAnyHTTPSCertificateForHost:
2022-08-07 02:57:41.029 plugin-container[6058:245152] nil host used in call to allowsSpecificHTTPSCertificateForHost
2022-08-07 02:57:41.029 plugin-container[6058:245152] nil host used in call to allowsAnyHTTPSCertificateForHost:
1659862661038	Marionette	INFO	Marionette enabled
1659862661067	Marionette	INFO	Listening on port 56968
Read port: 56968
1659862661236	RemoteAgent	WARN	TLS certificate errors will be ignored for this session
console.warn: SearchSettings: "get: No settings file exists, new profile?" (new NotFoundError("Could not open the file at /var/folders/lz/69nnlnf945z9xyxhp7jnkdlr0000gn/T/rust_mozprofilezV349O/search.json.mozlz4", (void 0)))
1659862662232	Marionette	INFO	Stopped listening on port 56968
console.error: services.settings: 
  main/query-stripping Signature failed  TypeError: NetworkError: Network request failed
console.error: services.settings: 
  main/quicksuggest Signature failed  TypeError: NetworkError: Network request failed
JavaScript error: resource://services-settings/RemoteSettingsWorker.jsm, line 145: Error: Shutdown, aborting read-only worker requests.
1659862682248	geckodriver	INFO	Listening on 127.0.0.1:56985
1659862682995	mozrunner::runner	INFO	Running command: "/Applications/Firefox.app/Contents/MacOS/firefox-bin" "--marionette" "-foreground" "-no-remote" "-profile" "/var/folders/lz/69nnlnf945z9xyxhp7jnkdlr0000gn/T/rust_mozprofilehLjsvE"
2022-08-07 02:58:03.349 plugin-container[6078:245810] nil host used in call to allowsSpecificHTTPSCertificateForHost
2022-08-07 02:58:03.349 plugin-container[6078:245810] nil host used in call to allowsAnyHTTPSCertificateForHost:
2022-08-07 02:58:03.352 plugin-container[6078:245810] nil host used in call to allowsSpecificHTTPSCertificateForHost
2022-08-07 02:58:03.352 plugin-container[6078:245810] nil host used in call to allowsAnyHTTPSCertificateForHost:
2022-08-07 02:58:03.352 plugin-container[6078:245812] nil host used in call to allowsSpecificHTTPSCertificateForHost
2022-08-07 02:58:03.352 plugin-container[6078:245812] nil host used in call to allowsAnyHTTPSCertificateForHost:
1659862683375	Marionette	INFO	Marionette enabled
1659862683436	Marionette	INFO	Listening on port 56992
Read port: 56992
1659862683620	RemoteAgent	WARN	TLS certificate errors will be ignored for this session
console.warn: SearchSettings: "get: No settings file exists, new profile?" (new NotFoundError("Could not open the file at /var/folders/lz/69nnlnf945z9xyxhp7jnkdlr0000gn/T/rust_mozprofilehLjsvE/search.json.mozlz4", (void 0)))
1659862684586	Marionette	INFO	Stopped listening on port 56992
console.error: services.settings: 
  main/query-stripping Signature failed  TypeError: NetworkError: Network request failed
console.error: services.settings: 
  main/quicksuggest Signature failed  TypeError: NetworkError: Network request failed
1659862721987	geckodriver	INFO	Listening on 127.0.0.1:57011
1659862722756	mozrunner::runner	INFO	Running command: "/Applications/Firefox.app/Contents/MacOS/firefox-bin" "--marionette" "-foreground" "-no-remote" "-profile" "/var/folders/lz/69nnlnf945z9xyxhp7jnkdlr0000gn/T/rust_mozprofileN8sype"
2022-08-07 02:58:43.187 plugin-container[6099:246487] nil host used in call to allowsSpecificHTTPSCertificateForHost
2022-08-07 02:58:43.187 plugin-container[6099:246487] nil host used in call to allowsAnyHTTPSCertificateForHost:
2022-08-07 02:58:43.192 plugin-container[6099:246487] nil host used in call to allowsSpecificHTTPSCertificateForHost
2022-08-07 02:58:43.192 plugin-container[6099:246487] nil host used in call to allowsAnyHTTPSCertificateForHost:
2022-08-07 02:58:43.192 plugin-container[6099:246491] nil host used in call to allowsSpecificHTTPSCertificateForHost
2022-08-07 02:58:43.192 plugin-container[6099:246491] nil host used in call to allowsAnyHTTPSCertificateForHost:
1659862723205	Marionette	INFO	Marionette enabled
1659862723234	Marionette	INFO	Listening on port 57018
Read port: 57018
1659862723402	RemoteAgent	WARN	TLS certificate errors will be ignored for this session
console.warn: SearchSettings: "get: No settings file exists, new profile?" (new NotFoundError("Could not open the file at /var/folders/lz/69nnlnf945z9xyxhp7jnkdlr0000gn/T/rust_mozprofileN8sype/search.json.mozlz4", (void 0)))
console.error: services.settings: 
  main/quicksuggest Signature failed  [Exception... "Failure"  nsresult: "0x80004005 (NS_ERROR_FAILURE)"  location: "<unknown>"  data: no]
console.error: services.settings: 
  main/query-stripping Signature failed  [Exception... "Failure"  nsresult: "0x80004005 (NS_ERROR_FAILURE)"  location: "<unknown>"  data: no]
console.error: services.settings: 
  main/partitioning-exempt-urls Signature failed  [Exception... "Failure"  nsresult: "0x80004005 (NS_ERROR_FAILURE)"  location: "<unknown>"  data: no]
1659862762261	geckodriver	INFO	Listening on 127.0.0.1:57101
1659862763003	mozrunner::runner	INFO	Running command: "/Applications/Firefox.app/Contents/MacOS/firefox-bin" "--marionette" "-foreground" "-no-remote" "-profile" "/var/folders/lz/69nnlnf945z9xyxhp7jnkdlr0000gn/T/rust_mozprofileDxfpdK"
2022-08-07 02:59:23.460 plugin-container[6128:247379] nil host used in call to allowsSpecificHTTPSCertificateForHost
2022-08-07 02:59:23.460 plugin-container[6128:247379] nil host used in call to allowsAnyHTTPSCertificateForHost:
2022-08-07 02:59:23.466 plugin-container[6128:247379] nil host used in call to allowsSpecificHTTPSCertificateForHost
2022-08-07 02:59:23.466 plugin-container[6128:247379] nil host used in call to allowsAnyHTTPSCertificateForHost:
2022-08-07 02:59:23.467 plugin-container[6128:247404] nil host used in call to allowsSpecificHTTPSCertificateForHost
2022-08-07 02:59:23.467 plugin-container[6128:247404] nil host used in call to allowsAnyHTTPSCertificateForHost:
1659862763474	Marionette	INFO	Marionette enabled
1659862763505	Marionette	INFO	Listening on port 57108
Read port: 57108
1659862763680	RemoteAgent	WARN	TLS certificate errors will be ignored for this session
console.warn: SearchSettings: "get: No settings file exists, new profile?" (new NotFoundError("Could not open the file at /var/folders/lz/69nnlnf945z9xyxhp7jnkdlr0000gn/T/rust_mozprofileDxfpdK/search.json.mozlz4", (void 0)))
console.error: services.settings: 
  main/quicksuggest Signature failed  [Exception... "Failure"  nsresult: "0x80004005 (NS_ERROR_FAILURE)"  location: "<unknown>"  data: no]
console.error: services.settings: 
  main/query-stripping Signature failed  [Exception... "Failure"  nsresult: "0x80004005 (NS_ERROR_FAILURE)"  location: "<unknown>"  data: no]
console.error: services.settings: 
  main/partitioning-exempt-urls Signature failed  [Exception... "Failure"  nsresult: "0x80004005 (NS_ERROR_FAILURE)"  location: "<unknown>"  data: no]
JavaScript error: https://static-exp1.licdn.com/sc/h/a3gtr7jg3mmepwms7hrzxrsd8, line 2: Error: A main button element must be provided to Collapsible
Exiting due to channel error.
Exiting due to channel error.
Exiting due to channel error.
Exiting due to channel error.
Exiting due to channel error.
Exiting due to channel error.
Exiting due to channel error.
Exiting due to channel error.
Exiting due to channel error.
Exiting due to channel error.
Exiting due to channel error.
Exiting due to channel error.
Exiting due to channel error.
[GFX1-]: Receive IPC close with reason=AbnormalShutdown
Exiting due to channel error.
Exiting due to channel error.
Exiting due to channel error.
1659863084183	geckodriver	INFO	Listening on 127.0.0.1:57228
1659863084947	mozrunner::runner	INFO	Running command: "/Applications/Firefox.app/Contents/MacOS/firefox-bin" "--marionette" "-foreground" "-no-remote" "-profile" "/var/folders/lz/69nnlnf945z9xyxhp7jnkdlr0000gn/T/rust_mozprofileVmJcej"
2022-08-07 03:04:45.384 plugin-container[6193:250621] nil host used in call to allowsSpecificHTTPSCertificateForHost
2022-08-07 03:04:45.385 plugin-container[6193:250621] nil host used in call to allowsAnyHTTPSCertificateForHost:
2022-08-07 03:04:45.390 plugin-container[6193:250621] nil host used in call to allowsSpecificHTTPSCertificateForHost
2022-08-07 03:04:45.390 plugin-container[6193:250621] nil host used in call to allowsAnyHTTPSCertificateForHost:
2022-08-07 03:04:45.391 plugin-container[6193:250629] nil host used in call to allowsSpecificHTTPSCertificateForHost
2022-08-07 03:04:45.391 plugin-container[6193:250629] nil host used in call to allowsAnyHTTPSCertificateForHost:
1659863085400	Marionette	INFO	Marionette enabled
1659863085430	Marionette	INFO	Listening on port 57235
Read port: 57235
1659863085596	RemoteAgent	WARN	TLS certificate errors will be ignored for this session
console.warn: SearchSettings: "get: No settings file exists, new profile?" (new NotFoundError("Could not open the file at /var/folders/lz/69nnlnf945z9xyxhp7jnkdlr0000gn/T/rust_mozprofileVmJcej/search.json.mozlz4", (void 0)))
console.error: services.settings: 
  main/query-stripping Signature failed  [Exception... "Failure"  nsresult: "0x80004005 (NS_ERROR_FAILURE)"  location: "<unknown>"  data: no]
console.error: services.settings: 
  main/quicksuggest Signature failed  [Exception... "Failure"  nsresult: "0x80004005 (NS_ERROR_FAILURE)"  location: "<unknown>"  data: no]
1659863110501	geckodriver	INFO	Listening on 127.0.0.1:57275
1659863111245	mozrunner::runner	INFO	Running command: "/Applications/Firefox.app/Contents/MacOS/firefox-bin" "--marionette" "-foreground" "-no-remote" "-profile" "/var/folders/lz/69nnlnf945z9xyxhp7jnkdlr0000gn/T/rust_mozprofilesdSd0x"
2022-08-07 03:05:11.600 plugin-container[6217:251371] nil host used in call to allowsSpecificHTTPSCertificateForHost
2022-08-07 03:05:11.600 plugin-container[6217:251371] nil host used in call to allowsAnyHTTPSCertificateForHost:
2022-08-07 03:05:11.604 plugin-container[6217:251371] nil host used in call to allowsSpecificHTTPSCertificateForHost
2022-08-07 03:05:11.604 plugin-container[6217:251371] nil host used in call to allowsAnyHTTPSCertificateForHost:
2022-08-07 03:05:11.604 plugin-container[6217:251373] nil host used in call to allowsSpecificHTTPSCertificateForHost
2022-08-07 03:05:11.604 plugin-container[6217:251373] nil host used in call to allowsAnyHTTPSCertificateForHost:
1659863111614	Marionette	INFO	Marionette enabled
1659863111650	Marionette	INFO	Listening on port 57282
Read port: 57282
1659863111935	RemoteAgent	WARN	TLS certificate errors will be ignored for this session
console.warn: SearchSettings: "get: No settings file exists, new profile?" (new NotFoundError("Could not open the file at /var/folders/lz/69nnlnf945z9xyxhp7jnkdlr0000gn/T/rust_mozprofilesdSd0x/search.json.mozlz4", (void 0)))
console.error: services.settings: 
  main/query-stripping Signature failed  [Exception... "Failure"  nsresult: "0x80004005 (NS_ERROR_FAILURE)"  location: "<unknown>"  data: no]
console.error: services.settings: 
  main/quicksuggest Signature failed  [Exception... "Failure"  nsresult: "0x80004005 (NS_ERROR_FAILURE)"  location: "<unknown>"  data: no]
console.error: services.settings: 
  main/partitioning-exempt-urls Signature failed  [Exception... "Failure"  nsresult: "0x80004005 (NS_ERROR_FAILURE)"  location: "<unknown>"  data: no]
1659863129959	geckodriver	INFO	Listening on 127.0.0.1:57358
1659863130713	mozrunner::runner	INFO	Running command: "/Applications/Firefox.app/Contents/MacOS/firefox-bin" "--marionette" "-foreground" "-no-remote" "-profile" "/var/folders/lz/69nnlnf945z9xyxhp7jnkdlr0000gn/T/rust_mozprofilegaUljf"
2022-08-07 03:05:31.155 plugin-container[6241:252152] nil host used in call to allowsSpecificHTTPSCertificateForHost
2022-08-07 03:05:31.156 plugin-container[6241:252152] nil host used in call to allowsAnyHTTPSCertificateForHost:
2022-08-07 03:05:31.161 plugin-container[6241:252152] nil host used in call to allowsSpecificHTTPSCertificateForHost
2022-08-07 03:05:31.161 plugin-container[6241:252152] nil host used in call to allowsAnyHTTPSCertificateForHost:
2022-08-07 03:05:31.162 plugin-container[6241:252159] nil host used in call to allowsSpecificHTTPSCertificateForHost
2022-08-07 03:05:31.162 plugin-container[6241:252159] nil host used in call to allowsAnyHTTPSCertificateForHost:
1659863131168	Marionette	INFO	Marionette enabled
1659863131197	Marionette	INFO	Listening on port 57365
Read port: 57365
1659863131369	RemoteAgent	WARN	TLS certificate errors will be ignored for this session
console.warn: SearchSettings: "get: No settings file exists, new profile?" (new NotFoundError("Could not open the file at /var/folders/lz/69nnlnf945z9xyxhp7jnkdlr0000gn/T/rust_mozprofilegaUljf/search.json.mozlz4", (void 0)))
console.error: services.settings: 
  main/query-stripping Signature failed  [Exception... "Failure"  nsresult: "0x80004005 (NS_ERROR_FAILURE)"  location: "<unknown>"  data: no]
console.error: services.settings: 
  main/quicksuggest Signature failed  [Exception... "Failure"  nsresult: "0x80004005 (NS_ERROR_FAILURE)"  location: "<unknown>"  data: no]
console.error: services.settings: 
  main/partitioning-exempt-urls Signature failed  [Exception... "Failure"  nsresult: "0x80004005 (NS_ERROR_FAILURE)"  location: "<unknown>"  data: no]
JavaScript error: https://static-exp1.licdn.com/sc/h/1f0o8asarfspok2zpu5dl86by, line 1: Error: POST request for /jobs-guest/api/ingraphs/gauge has failed with status code 429
JavaScript error: https://static-exp1.licdn.com/sc/h/1f0o8asarfspok2zpu5dl86by, line 1: Error: POST request for /jobs-guest/api/ingraphs/counter has failed with status code 429
JavaScript warning: https://static-exp1.licdn.com/sc/h/e785q99h29qs2x2x9sey0p946, line 2: WEBGL_debug_renderer_info is deprecated in Firefox and will be removed. Please use RENDERER.
JavaScript error: https://static-exp1.licdn.com/sc/h/a3gtr7jg3mmepwms7hrzxrsd8, line 2: Error: A main button element must be provided to Collapsible
JavaScript error: https://static-exp1.licdn.com/sc/h/1f0o8asarfspok2zpu5dl86by, line 1: Error: POST request for /jobs-guest/api/ingraphs/counter has failed with status code 429
JavaScript warning: https://static-exp1.licdn.com/sc/h/e785q99h29qs2x2x9sey0p946, line 2: WEBGL_debug_renderer_info is deprecated in Firefox and will be removed. Please use RENDERER.
2022-08-07 09:05:56.848 plugin-container[6265:253098] nil host used in call to allowsSpecificHTTPSCertificateForHost
2022-08-07 09:05:56.848 plugin-container[6265:253098] nil host used in call to allowsAnyHTTPSCertificateForHost:
2022-08-07 09:05:56.852 plugin-container[6265:253098] nil host used in call to allowsSpecificHTTPSCertificateForHost
2022-08-07 09:05:56.852 plugin-container[6265:253098] nil host used in call to allowsAnyHTTPSCertificateForHost:
2022-08-07 09:05:56.853 plugin-container[6265:253099] nil host used in call to allowsSpecificHTTPSCertificateForHost
2022-08-07 09:05:56.853 plugin-container[6265:253099] nil host used in call to allowsAnyHTTPSCertificateForHost:
JavaScript error: https://static-exp1.licdn.com/sc/h/1f0o8asarfspok2zpu5dl86by, line 1: Error: POST request for /jobs-guest/api/ingraphs/gauge has failed with status code 429
JavaScript error: https://static-exp1.licdn.com/sc/h/1f0o8asarfspok2zpu5dl86by, line 1: Error: POST request for /jobs-guest/api/ingraphs/counter has failed with status code 429
JavaScript warning: https://static-exp1.licdn.com/sc/h/e785q99h29qs2x2x9sey0p946, line 2: WEBGL_debug_renderer_info is deprecated in Firefox and will be removed. Please use RENDERER.
JavaScript error: https://static-exp1.licdn.com/sc/h/1f0o8asarfspok2zpu5dl86by, line 1: Error: POST request for /jobs-guest/api/ingraphs/gauge has failed with status code 429
JavaScript error: https://static-exp1.licdn.com/sc/h/1f0o8asarfspok2zpu5dl86by, line 1: Error: POST request for /jobs-guest/api/ingraphs/counter has failed with status code 429
JavaScript warning: https://static-exp1.licdn.com/sc/h/e785q99h29qs2x2x9sey0p946, line 2: WEBGL_debug_renderer_info is deprecated in Firefox and will be removed. Please use RENDERER.
Exiting due to channel error.
Exiting due to channel error.
Exiting due to channel error.
Exiting due to channel error.
[GFX1-]: Receive IPC close with reason=AbnormalShutdown
Exiting due to channel error.
Exiting due to channel error.
Exiting due to channel error.
Exiting due to channel error.
Exiting due to channel error.
Exiting due to channel error.
[GFX1-]: Receive IPC close with reason=AbnormalShutdown
Exiting due to channel error.
[GFX1-]: Receive IPC close with reason=AbnormalShutdown
Exiting due to channel error.
Exiting due to channel error.
Exiting due to channel error.
Exiting due to channel error.
Exiting due to channel error.
Exiting due to channel error.
1659863192557	geckodriver	INFO	Listening on 127.0.0.1:57450
1659863193315	mozrunner::runner	INFO	Running command: "/Applications/Firefox.app/Contents/MacOS/firefox-bin" "--marionette" "-foreground" "-no-remote" "-profile" "/var/folders/lz/69nnlnf945z9xyxhp7jnkdlr0000gn/T/rust_mozprofileK2EchY"
2022-08-07 03:06:33.782 plugin-container[6296:253997] nil host used in call to allowsSpecificHTTPSCertificateForHost
2022-08-07 03:06:33.783 plugin-container[6296:253997] nil host used in call to allowsAnyHTTPSCertificateForHost:
2022-08-07 03:06:33.788 plugin-container[6296:253997] nil host used in call to allowsSpecificHTTPSCertificateForHost
2022-08-07 03:06:33.788 plugin-container[6296:253997] nil host used in call to allowsAnyHTTPSCertificateForHost:
2022-08-07 03:06:33.790 plugin-container[6296:254003] nil host used in call to allowsSpecificHTTPSCertificateForHost
2022-08-07 03:06:33.790 plugin-container[6296:254003] nil host used in call to allowsAnyHTTPSCertificateForHost:
1659863193793	Marionette	INFO	Marionette enabled
1659863193828	Marionette	INFO	Listening on port 57457
Read port: 57457
1659863193997	RemoteAgent	WARN	TLS certificate errors will be ignored for this session
console.warn: SearchSettings: "get: No settings file exists, new profile?" (new NotFoundError("Could not open the file at /var/folders/lz/69nnlnf945z9xyxhp7jnkdlr0000gn/T/rust_mozprofileK2EchY/search.json.mozlz4", (void 0)))
JavaScript error: https://static-exp1.licdn.com/sc/h/1f0o8asarfspok2zpu5dl86by, line 1: Error: POST request for /jobs-guest/api/ingraphs/gauge has failed with status code 429
JavaScript error: https://static-exp1.licdn.com/sc/h/1f0o8asarfspok2zpu5dl86by, line 1: Error: POST request for /jobs-guest/api/ingraphs/counter has failed with status code 429
JavaScript error: https://static-exp1.licdn.com/sc/h/a3gtr7jg3mmepwms7hrzxrsd8, line 2: Error: A main button element must be provided to Collapsible
JavaScript error: https://static-exp1.licdn.com/sc/h/1f0o8asarfspok2zpu5dl86by, line 1: Error: POST request for /jobs-guest/api/ingraphs/gauge has failed with status code 429
JavaScript error: https://static-exp1.licdn.com/sc/h/1f0o8asarfspok2zpu5dl86by, line 1: Error: POST request for /jobs-guest/api/ingraphs/counter has failed with status code 429
JavaScript error: https://static-exp1.licdn.com/sc/h/1f0o8asarfspok2zpu5dl86by, line 1: Error: POST request for /jobs-guest/api/ingraphs/gauge has failed with status code 429
JavaScript error: https://static-exp1.licdn.com/sc/h/1f0o8asarfspok2zpu5dl86by, line 1: Error: POST request for /jobs-guest/api/ingraphs/counter has failed with status code 429
JavaScript error: https://static-exp1.licdn.com/sc/h/1f0o8asarfspok2zpu5dl86by, line 1: Error: POST request for /jobs-guest/api/ingraphs/counter has failed with status code 429
JavaScript error: https://static-exp1.licdn.com/sc/h/1f0o8asarfspok2zpu5dl86by, line 1: Error: POST request for /jobs-guest/api/ingraphs/gauge has failed with status code 429
JavaScript error: https://static-exp1.licdn.com/sc/h/1f0o8asarfspok2zpu5dl86by, line 1: Error: POST request for /jobs-guest/api/ingraphs/counter has failed with status code 429
JavaScript error: https://static-exp1.licdn.com/sc/h/1f0o8asarfspok2zpu5dl86by, line 1: Error: POST request for /jobs-guest/api/ingraphs/gauge has failed with status code 429
JavaScript error: https://static-exp1.licdn.com/sc/h/1f0o8asarfspok2zpu5dl86by, line 1: Error: POST request for /jobs-guest/api/ingraphs/counter has failed with status code 429
1659863288382	Marionette	INFO	Stopped listening on port 57457
